<?xml version="1.0" encoding="UTF-8"?>
<testsuite xmlns:xsi="http://www.w3.org/2001/XMLSchema-instance" xsi:noNamespaceSchemaLocation="https://maven.apache.org/surefire/maven-surefire-plugin/xsd/surefire-test-report.xsd" name="org.apache.hertzbeat.collector.collect.dns.DnsCollectImplTest" time="0.146" tests="1" errors="0" skipped="0" failures="0">
  <properties>
    <property name="java.specification.version" value="17"/>
    <property name="sun.cpu.isalist" value="amd64"/>
    <property name="sun.jnu.encoding" value="Cp1252"/>
    <property name="java.class.path" value="D:\java EE\spervision\hertzbeat-master\collector\target\test-classes;D:\java EE\spervision\hertzbeat-master\collector\target\classes;C:\Users\lonovo\.m2\repository\org\springframework\boot\spring-boot-starter-web\3.2.3\spring-boot-starter-web-3.2.3.jar;C:\Users\lonovo\.m2\repository\org\springframework\boot\spring-boot-starter\3.2.3\spring-boot-starter-3.2.3.jar;C:\Users\lonovo\.m2\repository\org\springframework\boot\spring-boot-starter-logging\3.2.3\spring-boot-starter-logging-3.2.3.jar;C:\Users\lonovo\.m2\repository\org\apache\logging\log4j\log4j-to-slf4j\2.21.1\log4j-to-slf4j-2.21.1.jar;C:\Users\lonovo\.m2\repository\org\apache\logging\log4j\log4j-api\2.21.1\log4j-api-2.21.1.jar;C:\Users\lonovo\.m2\repository\org\slf4j\jul-to-slf4j\2.0.9\jul-to-slf4j-2.0.9.jar;C:\Users\lonovo\.m2\repository\jakarta\annotation\jakarta.annotation-api\2.1.1\jakarta.annotation-api-2.1.1.jar;C:\Users\lonovo\.m2\repository\org\springframework\boot\spring-boot-starter-json\3.2.3\spring-boot-starter-json-3.2.3.jar;C:\Users\lonovo\.m2\repository\com\fasterxml\jackson\datatype\jackson-datatype-jdk8\2.15.4\jackson-datatype-jdk8-2.15.4.jar;C:\Users\lonovo\.m2\repository\com\fasterxml\jackson\datatype\jackson-datatype-jsr310\2.15.4\jackson-datatype-jsr310-2.15.4.jar;C:\Users\lonovo\.m2\repository\com\fasterxml\jackson\module\jackson-module-parameter-names\2.15.4\jackson-module-parameter-names-2.15.4.jar;C:\Users\lonovo\.m2\repository\org\springframework\boot\spring-boot-starter-tomcat\3.2.3\spring-boot-starter-tomcat-3.2.3.jar;C:\Users\lonovo\.m2\repository\org\apache\tomcat\embed\tomcat-embed-core\10.1.19\tomcat-embed-core-10.1.19.jar;C:\Users\lonovo\.m2\repository\org\apache\tomcat\embed\tomcat-embed-el\10.1.19\tomcat-embed-el-10.1.19.jar;C:\Users\lonovo\.m2\repository\org\apache\tomcat\embed\tomcat-embed-websocket\10.1.19\tomcat-embed-websocket-10.1.19.jar;C:\Users\lonovo\.m2\repository\org\springframework\spring-web\6.1.4\spring-web-6.1.4.jar;C:\Users\lonovo\.m2\repository\io\micrometer\micrometer-observation\1.12.3\micrometer-observation-1.12.3.jar;C:\Users\lonovo\.m2\repository\io\micrometer\micrometer-commons\1.12.3\micrometer-commons-1.12.3.jar;C:\Users\lonovo\.m2\repository\org\springframework\spring-webmvc\6.1.4\spring-webmvc-6.1.4.jar;C:\Users\lonovo\.m2\repository\org\springframework\spring-aop\6.1.4\spring-aop-6.1.4.jar;C:\Users\lonovo\.m2\repository\org\springframework\spring-context\6.1.4\spring-context-6.1.4.jar;C:\Users\lonovo\.m2\repository\org\springframework\spring-expression\6.1.4\spring-expression-6.1.4.jar;C:\Users\lonovo\.m2\repository\org\springframework\boot\spring-boot-configuration-processor\3.2.3\spring-boot-configuration-processor-3.2.3.jar;C:\Users\lonovo\.m2\repository\org\springframework\boot\spring-boot-autoconfigure\3.2.3\spring-boot-autoconfigure-3.2.3.jar;C:\Users\lonovo\.m2\repository\org\springframework\boot\spring-boot\3.2.3\spring-boot-3.2.3.jar;D:\java EE\spervision\hertzbeat-master\common\target\hertzbeat-common-2.0-SNAPSHOT.jar;C:\Users\lonovo\.m2\repository\org\eclipse\persistence\org.eclipse.persistence.jpa\4.0.2\org.eclipse.persistence.jpa-4.0.2.jar;C:\Users\lonovo\.m2\repository\org\eclipse\persistence\org.eclipse.persistence.asm\9.5.0\org.eclipse.persistence.asm-9.5.0.jar;C:\Users\lonovo\.m2\repository\org\eclipse\persistence\org.eclipse.persistence.core\4.0.2\org.eclipse.persistence.core-4.0.2.jar;C:\Users\lonovo\.m2\repository\org\eclipse\persistence\org.eclipse.persistence.jpa.jpql\4.0.2\org.eclipse.persistence.jpa.jpql-4.0.2.jar;C:\Users\lonovo\.m2\repository\jakarta\persistence\jakarta.persistence-api\3.1.0\jakarta.persistence-api-3.1.0.jar;C:\Users\lonovo\.m2\repository\org\springframework\boot\spring-boot-starter-data-jpa\3.2.3\spring-boot-starter-data-jpa-3.2.3.jar;C:\Users\lonovo\.m2\repository\org\springframework\boot\spring-boot-starter-aop\3.2.3\spring-boot-starter-aop-3.2.3.jar;C:\Users\lonovo\.m2\repository\org\aspectj\aspectjweaver\1.9.21\aspectjweaver-1.9.21.jar;C:\Users\lonovo\.m2\repository\org\springframework\boot\spring-boot-starter-jdbc\3.2.3\spring-boot-starter-jdbc-3.2.3.jar;C:\Users\lonovo\.m2\repository\com\zaxxer\HikariCP\5.0.1\HikariCP-5.0.1.jar;C:\Users\lonovo\.m2\repository\org\springframework\data\spring-data-jpa\3.2.3\spring-data-jpa-3.2.3.jar;C:\Users\lonovo\.m2\repository\org\springframework\data\spring-data-commons\3.2.3\spring-data-commons-3.2.3.jar;C:\Users\lonovo\.m2\repository\org\springframework\spring-orm\6.1.4\spring-orm-6.1.4.jar;C:\Users\lonovo\.m2\repository\org\antlr\antlr4-runtime\4.13.0\antlr4-runtime-4.13.0.jar;C:\Users\lonovo\.m2\repository\org\springframework\spring-aspects\6.1.4\spring-aspects-6.1.4.jar;C:\Users\lonovo\.m2\repository\org\springframework\boot\spring-boot-starter-validation\3.2.3\spring-boot-starter-validation-3.2.3.jar;C:\Users\lonovo\.m2\repository\org\hibernate\validator\hibernate-validator\8.0.1.Final\hibernate-validator-8.0.1.Final.jar;C:\Users\lonovo\.m2\repository\jakarta\validation\jakarta.validation-api\3.0.2\jakarta.validation-api-3.0.2.jar;C:\Users\lonovo\.m2\repository\org\jboss\logging\jboss-logging\3.5.3.Final\jboss-logging-3.5.3.Final.jar;C:\Users\lonovo\.m2\repository\com\fasterxml\classmate\1.6.0\classmate-1.6.0.jar;C:\Users\lonovo\.m2\repository\com\google\protobuf\protobuf-java-util\3.19.6\protobuf-java-util-3.19.6.jar;C:\Users\lonovo\.m2\repository\com\github\ben-manes\caffeine\caffeine\2.9.3\caffeine-2.9.3.jar;C:\Users\lonovo\.m2\repository\org\apache\commons\commons-jexl3\3.2.1\commons-jexl3-3.2.1.jar;C:\Users\lonovo\.m2\repository\org\apache\commons\commons-collections4\4.4\commons-collections4-4.4.jar;D:\java EE\spervision\hertzbeat-master\remoting\target\hertzbeat-remoting-2.0-SNAPSHOT.jar;C:\Users\lonovo\.m2\repository\io\netty\netty-all\4.1.100.Final\netty-all-4.1.100.Final.jar;C:\Users\lonovo\.m2\repository\io\netty\netty-buffer\4.1.100.Final\netty-buffer-4.1.100.Final.jar;C:\Users\lonovo\.m2\repository\io\netty\netty-codec\4.1.100.Final\netty-codec-4.1.100.Final.jar;C:\Users\lonovo\.m2\repository\io\netty\netty-codec-dns\4.1.100.Final\netty-codec-dns-4.1.100.Final.jar;C:\Users\lonovo\.m2\repository\io\netty\netty-codec-haproxy\4.1.100.Final\netty-codec-haproxy-4.1.100.Final.jar;C:\Users\lonovo\.m2\repository\io\netty\netty-codec-http\4.1.100.Final\netty-codec-http-4.1.100.Final.jar;C:\Users\lonovo\.m2\repository\io\netty\netty-codec-http2\4.1.100.Final\netty-codec-http2-4.1.100.Final.jar;C:\Users\lonovo\.m2\repository\io\netty\netty-codec-memcache\4.1.100.Final\netty-codec-memcache-4.1.100.Final.jar;C:\Users\lonovo\.m2\repository\io\netty\netty-codec-mqtt\4.1.100.Final\netty-codec-mqtt-4.1.100.Final.jar;C:\Users\lonovo\.m2\repository\io\netty\netty-codec-redis\4.1.100.Final\netty-codec-redis-4.1.100.Final.jar;C:\Users\lonovo\.m2\repository\io\netty\netty-codec-smtp\4.1.100.Final\netty-codec-smtp-4.1.100.Final.jar;C:\Users\lonovo\.m2\repository\io\netty\netty-codec-socks\4.1.100.Final\netty-codec-socks-4.1.100.Final.jar;C:\Users\lonovo\.m2\repository\io\netty\netty-codec-stomp\4.1.100.Final\netty-codec-stomp-4.1.100.Final.jar;C:\Users\lonovo\.m2\repository\io\netty\netty-codec-xml\4.1.100.Final\netty-codec-xml-4.1.100.Final.jar;C:\Users\lonovo\.m2\repository\io\netty\netty-transport-native-unix-common\4.1.100.Final\netty-transport-native-unix-common-4.1.100.Final.jar;C:\Users\lonovo\.m2\repository\io\netty\netty-handler-proxy\4.1.100.Final\netty-handler-proxy-4.1.100.Final.jar;C:\Users\lonovo\.m2\repository\io\netty\netty-handler-ssl-ocsp\4.1.100.Final\netty-handler-ssl-ocsp-4.1.100.Final.jar;C:\Users\lonovo\.m2\repository\io\netty\netty-resolver\4.1.100.Final\netty-resolver-4.1.100.Final.jar;C:\Users\lonovo\.m2\repository\io\netty\netty-resolver-dns\4.1.100.Final\netty-resolver-dns-4.1.100.Final.jar;C:\Users\lonovo\.m2\repository\io\netty\netty-transport-rxtx\4.1.100.Final\netty-transport-rxtx-4.1.100.Final.jar;C:\Users\lonovo\.m2\repository\io\netty\netty-transport-sctp\4.1.100.Final\netty-transport-sctp-4.1.100.Final.jar;C:\Users\lonovo\.m2\repository\io\netty\netty-transport-udt\4.1.100.Final\netty-transport-udt-4.1.100.Final.jar;C:\Users\lonovo\.m2\repository\io\netty\netty-transport-classes-epoll\4.1.100.Final\netty-transport-classes-epoll-4.1.100.Final.jar;C:\Users\lonovo\.m2\repository\io\netty\netty-transport-classes-kqueue\4.1.100.Final\netty-transport-classes-kqueue-4.1.100.Final.jar;C:\Users\lonovo\.m2\repository\io\netty\netty-resolver-dns-classes-macos\4.1.100.Final\netty-resolver-dns-classes-macos-4.1.100.Final.jar;C:\Users\lonovo\.m2\repository\io\netty\netty-transport-native-epoll\4.1.100.Final\netty-transport-native-epoll-4.1.100.Final-linux-x86_64.jar;C:\Users\lonovo\.m2\repository\io\netty\netty-transport-native-epoll\4.1.100.Final\netty-transport-native-epoll-4.1.100.Final-linux-aarch_64.jar;C:\Users\lonovo\.m2\repository\io\netty\netty-transport-native-kqueue\4.1.100.Final\netty-transport-native-kqueue-4.1.100.Final-osx-x86_64.jar;C:\Users\lonovo\.m2\repository\io\netty\netty-transport-native-kqueue\4.1.100.Final\netty-transport-native-kqueue-4.1.100.Final-osx-aarch_64.jar;C:\Users\lonovo\.m2\repository\io\netty\netty-resolver-dns-native-macos\4.1.100.Final\netty-resolver-dns-native-macos-4.1.100.Final-osx-x86_64.jar;C:\Users\lonovo\.m2\repository\io\netty\netty-resolver-dns-native-macos\4.1.100.Final\netty-resolver-dns-native-macos-4.1.100.Final-osx-aarch_64.jar;C:\Users\lonovo\.m2\repository\org\springframework\spring-jdbc\6.1.4\spring-jdbc-6.1.4.jar;C:\Users\lonovo\.m2\repository\org\springframework\spring-beans\6.1.4\spring-beans-6.1.4.jar;C:\Users\lonovo\.m2\repository\org\springframework\spring-core\6.1.4\spring-core-6.1.4.jar;C:\Users\lonovo\.m2\repository\org\springframework\spring-jcl\6.1.4\spring-jcl-6.1.4.jar;C:\Users\lonovo\.m2\repository\org\springframework\spring-tx\6.1.4\spring-tx-6.1.4.jar;C:\Users\lonovo\.m2\repository\org\apache\kafka\kafka-clients\3.4.0\kafka-clients-3.4.0.jar;C:\Users\lonovo\.m2\repository\com\github\luben\zstd-jni\1.5.2-1\zstd-jni-1.5.2-1.jar;C:\Users\lonovo\.m2\repository\org\lz4\lz4-java\1.8.0\lz4-java-1.8.0.jar;C:\Users\lonovo\.m2\repository\org\xerial\snappy\snappy-java\1.1.8.4\snappy-java-1.1.8.4.jar;C:\Users\lonovo\.m2\repository\org\apache\httpcomponents\httpclient\4.5.14\httpclient-4.5.14.jar;C:\Users\lonovo\.m2\repository\org\apache\httpcomponents\httpcore\4.4.16\httpcore-4.4.16.jar;C:\Users\lonovo\.m2\repository\commons-logging\commons-logging\1.2\commons-logging-1.2.jar;C:\Users\lonovo\.m2\repository\commons-codec\commons-codec\1.16.1\commons-codec-1.16.1.jar;C:\Users\lonovo\.m2\repository\commons-net\commons-net\3.8.0\commons-net-3.8.0.jar;C:\Users\lonovo\.m2\repository\com\jayway\jsonpath\json-path\2.9.0\json-path-2.9.0.jar;C:\Users\lonovo\.m2\repository\net\minidev\json-smart\2.5.0\json-smart-2.5.0.jar;C:\Users\lonovo\.m2\repository\net\minidev\accessors-smart\2.5.0\accessors-smart-2.5.0.jar;C:\Users\lonovo\.m2\repository\org\ow2\asm\asm\9.3\asm-9.3.jar;C:\Users\lonovo\.m2\repository\com\googlecode\concurrentlinkedhashmap\concurrentlinkedhashmap-lru\1.4.2\concurrentlinkedhashmap-lru-1.4.2.jar;C:\Users\lonovo\.m2\repository\com\google\guava\guava\32.1.2-jre\guava-32.1.2-jre.jar;C:\Users\lonovo\.m2\repository\com\google\guava\failureaccess\1.0.1\failureaccess-1.0.1.jar;C:\Users\lonovo\.m2\repository\com\google\guava\listenablefuture\9999.0-empty-to-avoid-conflict-with-guava\listenablefuture-9999.0-empty-to-avoid-conflict-with-guava.jar;C:\Users\lonovo\.m2\repository\com\google\code\findbugs\jsr305\3.0.2\jsr305-3.0.2.jar;C:\Users\lonovo\.m2\repository\org\checkerframework\checker-qual\3.33.0\checker-qual-3.33.0.jar;C:\Users\lonovo\.m2\repository\com\google\errorprone\error_prone_annotations\2.18.0\error_prone_annotations-2.18.0.jar;C:\Users\lonovo\.m2\repository\com\google\j2objc\j2objc-annotations\2.8\j2objc-annotations-2.8.jar;C:\Users\lonovo\.m2\repository\com\google\code\gson\gson\2.10.1\gson-2.10.1.jar;C:\Users\lonovo\.m2\repository\mysql\mysql-connector-java\8.0.30\mysql-connector-java-8.0.30.jar;C:\Users\lonovo\.m2\repository\com\google\protobuf\protobuf-java\3.19.6\protobuf-java-3.19.6.jar;C:\Users\lonovo\.m2\repository\com\clickhouse\clickhouse-jdbc\0.4.6\clickhouse-jdbc-0.4.6.jar;C:\Users\lonovo\.m2\repository\com\dameng\DmJdbcDriver18\8.1.2.141\DmJdbcDriver18-8.1.2.141.jar;C:\Users\lonovo\.m2\repository\org\postgresql\postgresql\42.5.5\postgresql-42.5.5.jar;C:\Users\lonovo\.m2\repository\org\apache\sshd\sshd-core\2.8.0\sshd-core-2.8.0.jar;C:\Users\lonovo\.m2\repository\org\apache\sshd\sshd-common\2.8.0\sshd-common-2.8.0.jar;C:\Users\lonovo\.m2\repository\org\slf4j\jcl-over-slf4j\2.0.9\jcl-over-slf4j-2.0.9.jar;C:\Users\lonovo\.m2\repository\net\i2p\crypto\eddsa\0.3.0\eddsa-0.3.0.jar;C:\Users\lonovo\.m2\repository\com\microsoft\sqlserver\mssql-jdbc\10.2.0.jre8\mssql-jdbc-10.2.0.jre8.jar;C:\Users\lonovo\.m2\repository\com\oracle\database\jdbc\ojdbc8\21.5.0.0\ojdbc8-21.5.0.0.jar;C:\Users\lonovo\.m2\repository\com\oracle\database\nls\orai18n\21.5.0.0\orai18n-21.5.0.0.jar;C:\Users\lonovo\.m2\repository\io\lettuce\lettuce-core\6.3.1.RELEASE\lettuce-core-6.3.1.RELEASE.jar;C:\Users\lonovo\.m2\repository\io\netty\netty-common\4.1.100.Final\netty-common-4.1.100.Final.jar;C:\Users\lonovo\.m2\repository\io\netty\netty-handler\4.1.100.Final\netty-handler-4.1.100.Final.jar;C:\Users\lonovo\.m2\repository\io\netty\netty-transport\4.1.100.Final\netty-transport-4.1.100.Final.jar;C:\Users\lonovo\.m2\repository\io\projectreactor\reactor-core\3.6.3\reactor-core-3.6.3.jar;C:\Users\lonovo\.m2\repository\org\reactivestreams\reactive-streams\1.0.4\reactive-streams-1.0.4.jar;C:\Users\lonovo\.m2\repository\org\mongodb\mongodb-driver-sync\4.6.1\mongodb-driver-sync-4.6.1.jar;C:\Users\lonovo\.m2\repository\org\mongodb\bson\4.11.1\bson-4.11.1.jar;C:\Users\lonovo\.m2\repository\org\mongodb\mongodb-driver-core\4.6.1\mongodb-driver-core-4.6.1.jar;C:\Users\lonovo\.m2\repository\org\mongodb\bson-record-codec\4.11.1\bson-record-codec-4.11.1.jar;C:\Users\lonovo\.m2\repository\org\snmp4j\snmp4j\3.6.7\snmp4j-3.6.7.jar;C:\Users\lonovo\.m2\repository\org\apache\rocketmq\rocketmq-tools\4.9.4\rocketmq-tools-4.9.4.jar;C:\Users\lonovo\.m2\repository\org\apache\rocketmq\rocketmq-client\4.9.4\rocketmq-client-4.9.4.jar;C:\Users\lonovo\.m2\repository\org\apache\rocketmq\rocketmq-common\4.9.4\rocketmq-common-4.9.4.jar;C:\Users\lonovo\.m2\repository\org\apache\rocketmq\rocketmq-acl\4.9.4\rocketmq-acl-4.9.4.jar;C:\Users\lonovo\.m2\repository\org\apache\rocketmq\rocketmq-remoting\4.9.4\rocketmq-remoting-4.9.4.jar;C:\Users\lonovo\.m2\repository\org\apache\rocketmq\rocketmq-logging\4.9.4\rocketmq-logging-4.9.4.jar;C:\Users\lonovo\.m2\repository\commons-validator\commons-validator\1.7\commons-validator-1.7.jar;C:\Users\lonovo\.m2\repository\commons-beanutils\commons-beanutils\1.9.4\commons-beanutils-1.9.4.jar;C:\Users\lonovo\.m2\repository\commons-digester\commons-digester\2.1\commons-digester-2.1.jar;C:\Users\lonovo\.m2\repository\commons-collections\commons-collections\3.2.2\commons-collections-3.2.2.jar;C:\Users\lonovo\.m2\repository\org\apache\rocketmq\rocketmq-srvutil\4.9.4\rocketmq-srvutil-4.9.4.jar;C:\Users\lonovo\.m2\repository\commons-cli\commons-cli\1.2\commons-cli-1.2.jar;C:\Users\lonovo\.m2\repository\com\alibaba\fastjson\1.2.69_noneautotype\fastjson-1.2.69_noneautotype.jar;C:\Users\lonovo\.m2\repository\ch\qos\logback\logback-classic\1.4.14\logback-classic-1.4.14.jar;C:\Users\lonovo\.m2\repository\ch\qos\logback\logback-core\1.4.14\logback-core-1.4.14.jar;C:\Users\lonovo\.m2\repository\org\apache\commons\commons-lang3\3.13.0\commons-lang3-3.13.0.jar;C:\Users\lonovo\.m2\repository\org\yaml\snakeyaml\2.2\snakeyaml-2.2.jar;C:\Users\lonovo\.m2\repository\dnsjava\dnsjava\3.5.2\dnsjava-3.5.2.jar;C:\Users\lonovo\.m2\repository\com\ecwid\consul\consul-api\1.4.5\consul-api-1.4.5.jar;C:\Users\lonovo\.m2\repository\com\alibaba\nacos\nacos-client\2.2.1\nacos-client-2.2.1.jar;C:\Users\lonovo\.m2\repository\com\alibaba\nacos\nacos-auth-plugin\2.2.1\nacos-auth-plugin-2.2.1.jar;C:\Users\lonovo\.m2\repository\com\alibaba\nacos\nacos-encryption-plugin\2.2.1\nacos-encryption-plugin-2.2.1.jar;C:\Users\lonovo\.m2\repository\com\fasterxml\jackson\core\jackson-core\2.15.4\jackson-core-2.15.4.jar;C:\Users\lonovo\.m2\repository\com\fasterxml\jackson\core\jackson-databind\2.15.4\jackson-databind-2.15.4.jar;C:\Users\lonovo\.m2\repository\com\fasterxml\jackson\core\jackson-annotations\2.15.4\jackson-annotations-2.15.4.jar;C:\Users\lonovo\.m2\repository\org\apache\httpcomponents\httpasyncclient\4.1.5\httpasyncclient-4.1.5.jar;C:\Users\lonovo\.m2\repository\org\apache\httpcomponents\httpcore-nio\4.4.16\httpcore-nio-4.4.16.jar;C:\Users\lonovo\.m2\repository\io\prometheus\simpleclient\0.16.0\simpleclient-0.16.0.jar;C:\Users\lonovo\.m2\repository\io\prometheus\simpleclient_tracer_otel\0.16.0\simpleclient_tracer_otel-0.16.0.jar;C:\Users\lonovo\.m2\repository\io\prometheus\simpleclient_tracer_common\0.16.0\simpleclient_tracer_common-0.16.0.jar;C:\Users\lonovo\.m2\repository\io\prometheus\simpleclient_tracer_otel_agent\0.16.0\simpleclient_tracer_otel_agent-0.16.0.jar;C:\Users\lonovo\.m2\repository\com\vesoft\client\3.6.0\client-3.6.0.jar;C:\Users\lonovo\.m2\repository\commons-lang\commons-lang\2.6\commons-lang-2.6.jar;C:\Users\lonovo\.m2\repository\org\apache\commons\commons-pool2\2.12.0\commons-pool2-2.12.0.jar;C:\Users\lonovo\.m2\repository\org\bouncycastle\bcpkix-jdk15on\1.69\bcpkix-jdk15on-1.69.jar;C:\Users\lonovo\.m2\repository\org\bouncycastle\bcprov-jdk15on\1.69\bcprov-jdk15on-1.69.jar;C:\Users\lonovo\.m2\repository\org\bouncycastle\bcutil-jdk15on\1.69\bcutil-jdk15on-1.69.jar;C:\Users\lonovo\.m2\repository\org\locationtech\jts\jts-core\1.16.1\jts-core-1.16.1.jar;C:\Users\lonovo\.m2\repository\org\slf4j\slf4j-api\2.0.9\slf4j-api-2.0.9.jar;C:\Users\lonovo\.m2\repository\org\projectlombok\lombok\1.18.28\lombok-1.18.28.jar;C:\Users\lonovo\.m2\repository\org\springframework\boot\spring-boot-starter-test\3.2.3\spring-boot-starter-test-3.2.3.jar;C:\Users\lonovo\.m2\repository\org\springframework\boot\spring-boot-test\3.2.3\spring-boot-test-3.2.3.jar;C:\Users\lonovo\.m2\repository\org\springframework\boot\spring-boot-test-autoconfigure\3.2.3\spring-boot-test-autoconfigure-3.2.3.jar;C:\Users\lonovo\.m2\repository\jakarta\xml\bind\jakarta.xml.bind-api\4.0.1\jakarta.xml.bind-api-4.0.1.jar;C:\Users\lonovo\.m2\repository\jakarta\activation\jakarta.activation-api\2.1.2\jakarta.activation-api-2.1.2.jar;C:\Users\lonovo\.m2\repository\org\assertj\assertj-core\3.24.2\assertj-core-3.24.2.jar;C:\Users\lonovo\.m2\repository\net\bytebuddy\byte-buddy\1.14.12\byte-buddy-1.14.12.jar;C:\Users\lonovo\.m2\repository\org\awaitility\awaitility\4.2.0\awaitility-4.2.0.jar;C:\Users\lonovo\.m2\repository\org\hamcrest\hamcrest\2.2\hamcrest-2.2.jar;C:\Users\lonovo\.m2\repository\org\junit\jupiter\junit-jupiter\5.10.2\junit-jupiter-5.10.2.jar;C:\Users\lonovo\.m2\repository\org\junit\jupiter\junit-jupiter-api\5.10.2\junit-jupiter-api-5.10.2.jar;C:\Users\lonovo\.m2\repository\org\opentest4j\opentest4j\1.3.0\opentest4j-1.3.0.jar;C:\Users\lonovo\.m2\repository\org\junit\platform\junit-platform-commons\1.10.2\junit-platform-commons-1.10.2.jar;C:\Users\lonovo\.m2\repository\org\apiguardian\apiguardian-api\1.1.2\apiguardian-api-1.1.2.jar;C:\Users\lonovo\.m2\repository\org\junit\jupiter\junit-jupiter-params\5.10.2\junit-jupiter-params-5.10.2.jar;C:\Users\lonovo\.m2\repository\org\junit\jupiter\junit-jupiter-engine\5.10.2\junit-jupiter-engine-5.10.2.jar;C:\Users\lonovo\.m2\repository\org\junit\platform\junit-platform-engine\1.10.2\junit-platform-engine-1.10.2.jar;C:\Users\lonovo\.m2\repository\org\mockito\mockito-core\5.7.0\mockito-core-5.7.0.jar;C:\Users\lonovo\.m2\repository\net\bytebuddy\byte-buddy-agent\1.14.12\byte-buddy-agent-1.14.12.jar;C:\Users\lonovo\.m2\repository\org\objenesis\objenesis\3.3\objenesis-3.3.jar;C:\Users\lonovo\.m2\repository\org\mockito\mockito-junit-jupiter\5.7.0\mockito-junit-jupiter-5.7.0.jar;C:\Users\lonovo\.m2\repository\org\skyscreamer\jsonassert\1.5.1\jsonassert-1.5.1.jar;C:\Users\lonovo\.m2\repository\com\vaadin\external\google\android-json\0.0.20131108.vaadin1\android-json-0.0.20131108.vaadin1.jar;C:\Users\lonovo\.m2\repository\org\springframework\spring-test\6.1.4\spring-test-6.1.4.jar;C:\Users\lonovo\.m2\repository\org\xmlunit\xmlunit-core\2.9.1\xmlunit-core-2.9.1.jar;"/>
    <property name="java.vm.vendor" value="Amazon.com Inc."/>
    <property name="sun.arch.data.model" value="64"/>
    <property name="user.variant" value=""/>
    <property name="java.vendor.url" value="https://aws.amazon.com/corretto/"/>
    <property name="user.timezone" value="Africa/Casablanca"/>
    <property name="user.country.format" value="FR"/>
    <property name="os.name" value="Windows 11"/>
    <property name="java.vm.specification.version" value="17"/>
    <property name="sun.java.launcher" value="SUN_STANDARD"/>
    <property name="user.country" value="US"/>
    <property name="sun.boot.library.path" value="C:\Users\lonovo\.jdks\corretto-17.0.10\bin"/>
    <property name="sun.java.command" value="C:\Users\lonovo\AppData\Local\Temp\surefire13853640410093891519\surefirebooter6142982080014901789.jar C:\Users\lonovo\AppData\Local\Temp\surefire13853640410093891519 2024-07-13T20-20-03_936-jvmRun1 surefire13604974657858362093tmp surefire_410037610283546312649tmp"/>
    <property name="jdk.debug" value="release"/>
    <property name="surefire.test.class.path" value="D:\java EE\spervision\hertzbeat-master\collector\target\test-classes;D:\java EE\spervision\hertzbeat-master\collector\target\classes;C:\Users\lonovo\.m2\repository\org\springframework\boot\spring-boot-starter-web\3.2.3\spring-boot-starter-web-3.2.3.jar;C:\Users\lonovo\.m2\repository\org\springframework\boot\spring-boot-starter\3.2.3\spring-boot-starter-3.2.3.jar;C:\Users\lonovo\.m2\repository\org\springframework\boot\spring-boot-starter-logging\3.2.3\spring-boot-starter-logging-3.2.3.jar;C:\Users\lonovo\.m2\repository\org\apache\logging\log4j\log4j-to-slf4j\2.21.1\log4j-to-slf4j-2.21.1.jar;C:\Users\lonovo\.m2\repository\org\apache\logging\log4j\log4j-api\2.21.1\log4j-api-2.21.1.jar;C:\Users\lonovo\.m2\repository\org\slf4j\jul-to-slf4j\2.0.9\jul-to-slf4j-2.0.9.jar;C:\Users\lonovo\.m2\repository\jakarta\annotation\jakarta.annotation-api\2.1.1\jakarta.annotation-api-2.1.1.jar;C:\Users\lonovo\.m2\repository\org\springframework\boot\spring-boot-starter-json\3.2.3\spring-boot-starter-json-3.2.3.jar;C:\Users\lonovo\.m2\repository\com\fasterxml\jackson\datatype\jackson-datatype-jdk8\2.15.4\jackson-datatype-jdk8-2.15.4.jar;C:\Users\lonovo\.m2\repository\com\fasterxml\jackson\datatype\jackson-datatype-jsr310\2.15.4\jackson-datatype-jsr310-2.15.4.jar;C:\Users\lonovo\.m2\repository\com\fasterxml\jackson\module\jackson-module-parameter-names\2.15.4\jackson-module-parameter-names-2.15.4.jar;C:\Users\lonovo\.m2\repository\org\springframework\boot\spring-boot-starter-tomcat\3.2.3\spring-boot-starter-tomcat-3.2.3.jar;C:\Users\lonovo\.m2\repository\org\apache\tomcat\embed\tomcat-embed-core\10.1.19\tomcat-embed-core-10.1.19.jar;C:\Users\lonovo\.m2\repository\org\apache\tomcat\embed\tomcat-embed-el\10.1.19\tomcat-embed-el-10.1.19.jar;C:\Users\lonovo\.m2\repository\org\apache\tomcat\embed\tomcat-embed-websocket\10.1.19\tomcat-embed-websocket-10.1.19.jar;C:\Users\lonovo\.m2\repository\org\springframework\spring-web\6.1.4\spring-web-6.1.4.jar;C:\Users\lonovo\.m2\repository\io\micrometer\micrometer-observation\1.12.3\micrometer-observation-1.12.3.jar;C:\Users\lonovo\.m2\repository\io\micrometer\micrometer-commons\1.12.3\micrometer-commons-1.12.3.jar;C:\Users\lonovo\.m2\repository\org\springframework\spring-webmvc\6.1.4\spring-webmvc-6.1.4.jar;C:\Users\lonovo\.m2\repository\org\springframework\spring-aop\6.1.4\spring-aop-6.1.4.jar;C:\Users\lonovo\.m2\repository\org\springframework\spring-context\6.1.4\spring-context-6.1.4.jar;C:\Users\lonovo\.m2\repository\org\springframework\spring-expression\6.1.4\spring-expression-6.1.4.jar;C:\Users\lonovo\.m2\repository\org\springframework\boot\spring-boot-configuration-processor\3.2.3\spring-boot-configuration-processor-3.2.3.jar;C:\Users\lonovo\.m2\repository\org\springframework\boot\spring-boot-autoconfigure\3.2.3\spring-boot-autoconfigure-3.2.3.jar;C:\Users\lonovo\.m2\repository\org\springframework\boot\spring-boot\3.2.3\spring-boot-3.2.3.jar;D:\java EE\spervision\hertzbeat-master\common\target\hertzbeat-common-2.0-SNAPSHOT.jar;C:\Users\lonovo\.m2\repository\org\eclipse\persistence\org.eclipse.persistence.jpa\4.0.2\org.eclipse.persistence.jpa-4.0.2.jar;C:\Users\lonovo\.m2\repository\org\eclipse\persistence\org.eclipse.persistence.asm\9.5.0\org.eclipse.persistence.asm-9.5.0.jar;C:\Users\lonovo\.m2\repository\org\eclipse\persistence\org.eclipse.persistence.core\4.0.2\org.eclipse.persistence.core-4.0.2.jar;C:\Users\lonovo\.m2\repository\org\eclipse\persistence\org.eclipse.persistence.jpa.jpql\4.0.2\org.eclipse.persistence.jpa.jpql-4.0.2.jar;C:\Users\lonovo\.m2\repository\jakarta\persistence\jakarta.persistence-api\3.1.0\jakarta.persistence-api-3.1.0.jar;C:\Users\lonovo\.m2\repository\org\springframework\boot\spring-boot-starter-data-jpa\3.2.3\spring-boot-starter-data-jpa-3.2.3.jar;C:\Users\lonovo\.m2\repository\org\springframework\boot\spring-boot-starter-aop\3.2.3\spring-boot-starter-aop-3.2.3.jar;C:\Users\lonovo\.m2\repository\org\aspectj\aspectjweaver\1.9.21\aspectjweaver-1.9.21.jar;C:\Users\lonovo\.m2\repository\org\springframework\boot\spring-boot-starter-jdbc\3.2.3\spring-boot-starter-jdbc-3.2.3.jar;C:\Users\lonovo\.m2\repository\com\zaxxer\HikariCP\5.0.1\HikariCP-5.0.1.jar;C:\Users\lonovo\.m2\repository\org\springframework\data\spring-data-jpa\3.2.3\spring-data-jpa-3.2.3.jar;C:\Users\lonovo\.m2\repository\org\springframework\data\spring-data-commons\3.2.3\spring-data-commons-3.2.3.jar;C:\Users\lonovo\.m2\repository\org\springframework\spring-orm\6.1.4\spring-orm-6.1.4.jar;C:\Users\lonovo\.m2\repository\org\antlr\antlr4-runtime\4.13.0\antlr4-runtime-4.13.0.jar;C:\Users\lonovo\.m2\repository\org\springframework\spring-aspects\6.1.4\spring-aspects-6.1.4.jar;C:\Users\lonovo\.m2\repository\org\springframework\boot\spring-boot-starter-validation\3.2.3\spring-boot-starter-validation-3.2.3.jar;C:\Users\lonovo\.m2\repository\org\hibernate\validator\hibernate-validator\8.0.1.Final\hibernate-validator-8.0.1.Final.jar;C:\Users\lonovo\.m2\repository\jakarta\validation\jakarta.validation-api\3.0.2\jakarta.validation-api-3.0.2.jar;C:\Users\lonovo\.m2\repository\org\jboss\logging\jboss-logging\3.5.3.Final\jboss-logging-3.5.3.Final.jar;C:\Users\lonovo\.m2\repository\com\fasterxml\classmate\1.6.0\classmate-1.6.0.jar;C:\Users\lonovo\.m2\repository\com\google\protobuf\protobuf-java-util\3.19.6\protobuf-java-util-3.19.6.jar;C:\Users\lonovo\.m2\repository\com\github\ben-manes\caffeine\caffeine\2.9.3\caffeine-2.9.3.jar;C:\Users\lonovo\.m2\repository\org\apache\commons\commons-jexl3\3.2.1\commons-jexl3-3.2.1.jar;C:\Users\lonovo\.m2\repository\org\apache\commons\commons-collections4\4.4\commons-collections4-4.4.jar;D:\java EE\spervision\hertzbeat-master\remoting\target\hertzbeat-remoting-2.0-SNAPSHOT.jar;C:\Users\lonovo\.m2\repository\io\netty\netty-all\4.1.100.Final\netty-all-4.1.100.Final.jar;C:\Users\lonovo\.m2\repository\io\netty\netty-buffer\4.1.100.Final\netty-buffer-4.1.100.Final.jar;C:\Users\lonovo\.m2\repository\io\netty\netty-codec\4.1.100.Final\netty-codec-4.1.100.Final.jar;C:\Users\lonovo\.m2\repository\io\netty\netty-codec-dns\4.1.100.Final\netty-codec-dns-4.1.100.Final.jar;C:\Users\lonovo\.m2\repository\io\netty\netty-codec-haproxy\4.1.100.Final\netty-codec-haproxy-4.1.100.Final.jar;C:\Users\lonovo\.m2\repository\io\netty\netty-codec-http\4.1.100.Final\netty-codec-http-4.1.100.Final.jar;C:\Users\lonovo\.m2\repository\io\netty\netty-codec-http2\4.1.100.Final\netty-codec-http2-4.1.100.Final.jar;C:\Users\lonovo\.m2\repository\io\netty\netty-codec-memcache\4.1.100.Final\netty-codec-memcache-4.1.100.Final.jar;C:\Users\lonovo\.m2\repository\io\netty\netty-codec-mqtt\4.1.100.Final\netty-codec-mqtt-4.1.100.Final.jar;C:\Users\lonovo\.m2\repository\io\netty\netty-codec-redis\4.1.100.Final\netty-codec-redis-4.1.100.Final.jar;C:\Users\lonovo\.m2\repository\io\netty\netty-codec-smtp\4.1.100.Final\netty-codec-smtp-4.1.100.Final.jar;C:\Users\lonovo\.m2\repository\io\netty\netty-codec-socks\4.1.100.Final\netty-codec-socks-4.1.100.Final.jar;C:\Users\lonovo\.m2\repository\io\netty\netty-codec-stomp\4.1.100.Final\netty-codec-stomp-4.1.100.Final.jar;C:\Users\lonovo\.m2\repository\io\netty\netty-codec-xml\4.1.100.Final\netty-codec-xml-4.1.100.Final.jar;C:\Users\lonovo\.m2\repository\io\netty\netty-transport-native-unix-common\4.1.100.Final\netty-transport-native-unix-common-4.1.100.Final.jar;C:\Users\lonovo\.m2\repository\io\netty\netty-handler-proxy\4.1.100.Final\netty-handler-proxy-4.1.100.Final.jar;C:\Users\lonovo\.m2\repository\io\netty\netty-handler-ssl-ocsp\4.1.100.Final\netty-handler-ssl-ocsp-4.1.100.Final.jar;C:\Users\lonovo\.m2\repository\io\netty\netty-resolver\4.1.100.Final\netty-resolver-4.1.100.Final.jar;C:\Users\lonovo\.m2\repository\io\netty\netty-resolver-dns\4.1.100.Final\netty-resolver-dns-4.1.100.Final.jar;C:\Users\lonovo\.m2\repository\io\netty\netty-transport-rxtx\4.1.100.Final\netty-transport-rxtx-4.1.100.Final.jar;C:\Users\lonovo\.m2\repository\io\netty\netty-transport-sctp\4.1.100.Final\netty-transport-sctp-4.1.100.Final.jar;C:\Users\lonovo\.m2\repository\io\netty\netty-transport-udt\4.1.100.Final\netty-transport-udt-4.1.100.Final.jar;C:\Users\lonovo\.m2\repository\io\netty\netty-transport-classes-epoll\4.1.100.Final\netty-transport-classes-epoll-4.1.100.Final.jar;C:\Users\lonovo\.m2\repository\io\netty\netty-transport-classes-kqueue\4.1.100.Final\netty-transport-classes-kqueue-4.1.100.Final.jar;C:\Users\lonovo\.m2\repository\io\netty\netty-resolver-dns-classes-macos\4.1.100.Final\netty-resolver-dns-classes-macos-4.1.100.Final.jar;C:\Users\lonovo\.m2\repository\io\netty\netty-transport-native-epoll\4.1.100.Final\netty-transport-native-epoll-4.1.100.Final-linux-x86_64.jar;C:\Users\lonovo\.m2\repository\io\netty\netty-transport-native-epoll\4.1.100.Final\netty-transport-native-epoll-4.1.100.Final-linux-aarch_64.jar;C:\Users\lonovo\.m2\repository\io\netty\netty-transport-native-kqueue\4.1.100.Final\netty-transport-native-kqueue-4.1.100.Final-osx-x86_64.jar;C:\Users\lonovo\.m2\repository\io\netty\netty-transport-native-kqueue\4.1.100.Final\netty-transport-native-kqueue-4.1.100.Final-osx-aarch_64.jar;C:\Users\lonovo\.m2\repository\io\netty\netty-resolver-dns-native-macos\4.1.100.Final\netty-resolver-dns-native-macos-4.1.100.Final-osx-x86_64.jar;C:\Users\lonovo\.m2\repository\io\netty\netty-resolver-dns-native-macos\4.1.100.Final\netty-resolver-dns-native-macos-4.1.100.Final-osx-aarch_64.jar;C:\Users\lonovo\.m2\repository\org\springframework\spring-jdbc\6.1.4\spring-jdbc-6.1.4.jar;C:\Users\lonovo\.m2\repository\org\springframework\spring-beans\6.1.4\spring-beans-6.1.4.jar;C:\Users\lonovo\.m2\repository\org\springframework\spring-core\6.1.4\spring-core-6.1.4.jar;C:\Users\lonovo\.m2\repository\org\springframework\spring-jcl\6.1.4\spring-jcl-6.1.4.jar;C:\Users\lonovo\.m2\repository\org\springframework\spring-tx\6.1.4\spring-tx-6.1.4.jar;C:\Users\lonovo\.m2\repository\org\apache\kafka\kafka-clients\3.4.0\kafka-clients-3.4.0.jar;C:\Users\lonovo\.m2\repository\com\github\luben\zstd-jni\1.5.2-1\zstd-jni-1.5.2-1.jar;C:\Users\lonovo\.m2\repository\org\lz4\lz4-java\1.8.0\lz4-java-1.8.0.jar;C:\Users\lonovo\.m2\repository\org\xerial\snappy\snappy-java\1.1.8.4\snappy-java-1.1.8.4.jar;C:\Users\lonovo\.m2\repository\org\apache\httpcomponents\httpclient\4.5.14\httpclient-4.5.14.jar;C:\Users\lonovo\.m2\repository\org\apache\httpcomponents\httpcore\4.4.16\httpcore-4.4.16.jar;C:\Users\lonovo\.m2\repository\commons-logging\commons-logging\1.2\commons-logging-1.2.jar;C:\Users\lonovo\.m2\repository\commons-codec\commons-codec\1.16.1\commons-codec-1.16.1.jar;C:\Users\lonovo\.m2\repository\commons-net\commons-net\3.8.0\commons-net-3.8.0.jar;C:\Users\lonovo\.m2\repository\com\jayway\jsonpath\json-path\2.9.0\json-path-2.9.0.jar;C:\Users\lonovo\.m2\repository\net\minidev\json-smart\2.5.0\json-smart-2.5.0.jar;C:\Users\lonovo\.m2\repository\net\minidev\accessors-smart\2.5.0\accessors-smart-2.5.0.jar;C:\Users\lonovo\.m2\repository\org\ow2\asm\asm\9.3\asm-9.3.jar;C:\Users\lonovo\.m2\repository\com\googlecode\concurrentlinkedhashmap\concurrentlinkedhashmap-lru\1.4.2\concurrentlinkedhashmap-lru-1.4.2.jar;C:\Users\lonovo\.m2\repository\com\google\guava\guava\32.1.2-jre\guava-32.1.2-jre.jar;C:\Users\lonovo\.m2\repository\com\google\guava\failureaccess\1.0.1\failureaccess-1.0.1.jar;C:\Users\lonovo\.m2\repository\com\google\guava\listenablefuture\9999.0-empty-to-avoid-conflict-with-guava\listenablefuture-9999.0-empty-to-avoid-conflict-with-guava.jar;C:\Users\lonovo\.m2\repository\com\google\code\findbugs\jsr305\3.0.2\jsr305-3.0.2.jar;C:\Users\lonovo\.m2\repository\org\checkerframework\checker-qual\3.33.0\checker-qual-3.33.0.jar;C:\Users\lonovo\.m2\repository\com\google\errorprone\error_prone_annotations\2.18.0\error_prone_annotations-2.18.0.jar;C:\Users\lonovo\.m2\repository\com\google\j2objc\j2objc-annotations\2.8\j2objc-annotations-2.8.jar;C:\Users\lonovo\.m2\repository\com\google\code\gson\gson\2.10.1\gson-2.10.1.jar;C:\Users\lonovo\.m2\repository\mysql\mysql-connector-java\8.0.30\mysql-connector-java-8.0.30.jar;C:\Users\lonovo\.m2\repository\com\google\protobuf\protobuf-java\3.19.6\protobuf-java-3.19.6.jar;C:\Users\lonovo\.m2\repository\com\clickhouse\clickhouse-jdbc\0.4.6\clickhouse-jdbc-0.4.6.jar;C:\Users\lonovo\.m2\repository\com\dameng\DmJdbcDriver18\8.1.2.141\DmJdbcDriver18-8.1.2.141.jar;C:\Users\lonovo\.m2\repository\org\postgresql\postgresql\42.5.5\postgresql-42.5.5.jar;C:\Users\lonovo\.m2\repository\org\apache\sshd\sshd-core\2.8.0\sshd-core-2.8.0.jar;C:\Users\lonovo\.m2\repository\org\apache\sshd\sshd-common\2.8.0\sshd-common-2.8.0.jar;C:\Users\lonovo\.m2\repository\org\slf4j\jcl-over-slf4j\2.0.9\jcl-over-slf4j-2.0.9.jar;C:\Users\lonovo\.m2\repository\net\i2p\crypto\eddsa\0.3.0\eddsa-0.3.0.jar;C:\Users\lonovo\.m2\repository\com\microsoft\sqlserver\mssql-jdbc\10.2.0.jre8\mssql-jdbc-10.2.0.jre8.jar;C:\Users\lonovo\.m2\repository\com\oracle\database\jdbc\ojdbc8\21.5.0.0\ojdbc8-21.5.0.0.jar;C:\Users\lonovo\.m2\repository\com\oracle\database\nls\orai18n\21.5.0.0\orai18n-21.5.0.0.jar;C:\Users\lonovo\.m2\repository\io\lettuce\lettuce-core\6.3.1.RELEASE\lettuce-core-6.3.1.RELEASE.jar;C:\Users\lonovo\.m2\repository\io\netty\netty-common\4.1.100.Final\netty-common-4.1.100.Final.jar;C:\Users\lonovo\.m2\repository\io\netty\netty-handler\4.1.100.Final\netty-handler-4.1.100.Final.jar;C:\Users\lonovo\.m2\repository\io\netty\netty-transport\4.1.100.Final\netty-transport-4.1.100.Final.jar;C:\Users\lonovo\.m2\repository\io\projectreactor\reactor-core\3.6.3\reactor-core-3.6.3.jar;C:\Users\lonovo\.m2\repository\org\reactivestreams\reactive-streams\1.0.4\reactive-streams-1.0.4.jar;C:\Users\lonovo\.m2\repository\org\mongodb\mongodb-driver-sync\4.6.1\mongodb-driver-sync-4.6.1.jar;C:\Users\lonovo\.m2\repository\org\mongodb\bson\4.11.1\bson-4.11.1.jar;C:\Users\lonovo\.m2\repository\org\mongodb\mongodb-driver-core\4.6.1\mongodb-driver-core-4.6.1.jar;C:\Users\lonovo\.m2\repository\org\mongodb\bson-record-codec\4.11.1\bson-record-codec-4.11.1.jar;C:\Users\lonovo\.m2\repository\org\snmp4j\snmp4j\3.6.7\snmp4j-3.6.7.jar;C:\Users\lonovo\.m2\repository\org\apache\rocketmq\rocketmq-tools\4.9.4\rocketmq-tools-4.9.4.jar;C:\Users\lonovo\.m2\repository\org\apache\rocketmq\rocketmq-client\4.9.4\rocketmq-client-4.9.4.jar;C:\Users\lonovo\.m2\repository\org\apache\rocketmq\rocketmq-common\4.9.4\rocketmq-common-4.9.4.jar;C:\Users\lonovo\.m2\repository\org\apache\rocketmq\rocketmq-acl\4.9.4\rocketmq-acl-4.9.4.jar;C:\Users\lonovo\.m2\repository\org\apache\rocketmq\rocketmq-remoting\4.9.4\rocketmq-remoting-4.9.4.jar;C:\Users\lonovo\.m2\repository\org\apache\rocketmq\rocketmq-logging\4.9.4\rocketmq-logging-4.9.4.jar;C:\Users\lonovo\.m2\repository\commons-validator\commons-validator\1.7\commons-validator-1.7.jar;C:\Users\lonovo\.m2\repository\commons-beanutils\commons-beanutils\1.9.4\commons-beanutils-1.9.4.jar;C:\Users\lonovo\.m2\repository\commons-digester\commons-digester\2.1\commons-digester-2.1.jar;C:\Users\lonovo\.m2\repository\commons-collections\commons-collections\3.2.2\commons-collections-3.2.2.jar;C:\Users\lonovo\.m2\repository\org\apache\rocketmq\rocketmq-srvutil\4.9.4\rocketmq-srvutil-4.9.4.jar;C:\Users\lonovo\.m2\repository\commons-cli\commons-cli\1.2\commons-cli-1.2.jar;C:\Users\lonovo\.m2\repository\com\alibaba\fastjson\1.2.69_noneautotype\fastjson-1.2.69_noneautotype.jar;C:\Users\lonovo\.m2\repository\ch\qos\logback\logback-classic\1.4.14\logback-classic-1.4.14.jar;C:\Users\lonovo\.m2\repository\ch\qos\logback\logback-core\1.4.14\logback-core-1.4.14.jar;C:\Users\lonovo\.m2\repository\org\apache\commons\commons-lang3\3.13.0\commons-lang3-3.13.0.jar;C:\Users\lonovo\.m2\repository\org\yaml\snakeyaml\2.2\snakeyaml-2.2.jar;C:\Users\lonovo\.m2\repository\dnsjava\dnsjava\3.5.2\dnsjava-3.5.2.jar;C:\Users\lonovo\.m2\repository\com\ecwid\consul\consul-api\1.4.5\consul-api-1.4.5.jar;C:\Users\lonovo\.m2\repository\com\alibaba\nacos\nacos-client\2.2.1\nacos-client-2.2.1.jar;C:\Users\lonovo\.m2\repository\com\alibaba\nacos\nacos-auth-plugin\2.2.1\nacos-auth-plugin-2.2.1.jar;C:\Users\lonovo\.m2\repository\com\alibaba\nacos\nacos-encryption-plugin\2.2.1\nacos-encryption-plugin-2.2.1.jar;C:\Users\lonovo\.m2\repository\com\fasterxml\jackson\core\jackson-core\2.15.4\jackson-core-2.15.4.jar;C:\Users\lonovo\.m2\repository\com\fasterxml\jackson\core\jackson-databind\2.15.4\jackson-databind-2.15.4.jar;C:\Users\lonovo\.m2\repository\com\fasterxml\jackson\core\jackson-annotations\2.15.4\jackson-annotations-2.15.4.jar;C:\Users\lonovo\.m2\repository\org\apache\httpcomponents\httpasyncclient\4.1.5\httpasyncclient-4.1.5.jar;C:\Users\lonovo\.m2\repository\org\apache\httpcomponents\httpcore-nio\4.4.16\httpcore-nio-4.4.16.jar;C:\Users\lonovo\.m2\repository\io\prometheus\simpleclient\0.16.0\simpleclient-0.16.0.jar;C:\Users\lonovo\.m2\repository\io\prometheus\simpleclient_tracer_otel\0.16.0\simpleclient_tracer_otel-0.16.0.jar;C:\Users\lonovo\.m2\repository\io\prometheus\simpleclient_tracer_common\0.16.0\simpleclient_tracer_common-0.16.0.jar;C:\Users\lonovo\.m2\repository\io\prometheus\simpleclient_tracer_otel_agent\0.16.0\simpleclient_tracer_otel_agent-0.16.0.jar;C:\Users\lonovo\.m2\repository\com\vesoft\client\3.6.0\client-3.6.0.jar;C:\Users\lonovo\.m2\repository\commons-lang\commons-lang\2.6\commons-lang-2.6.jar;C:\Users\lonovo\.m2\repository\org\apache\commons\commons-pool2\2.12.0\commons-pool2-2.12.0.jar;C:\Users\lonovo\.m2\repository\org\bouncycastle\bcpkix-jdk15on\1.69\bcpkix-jdk15on-1.69.jar;C:\Users\lonovo\.m2\repository\org\bouncycastle\bcprov-jdk15on\1.69\bcprov-jdk15on-1.69.jar;C:\Users\lonovo\.m2\repository\org\bouncycastle\bcutil-jdk15on\1.69\bcutil-jdk15on-1.69.jar;C:\Users\lonovo\.m2\repository\org\locationtech\jts\jts-core\1.16.1\jts-core-1.16.1.jar;C:\Users\lonovo\.m2\repository\org\slf4j\slf4j-api\2.0.9\slf4j-api-2.0.9.jar;C:\Users\lonovo\.m2\repository\org\projectlombok\lombok\1.18.28\lombok-1.18.28.jar;C:\Users\lonovo\.m2\repository\org\springframework\boot\spring-boot-starter-test\3.2.3\spring-boot-starter-test-3.2.3.jar;C:\Users\lonovo\.m2\repository\org\springframework\boot\spring-boot-test\3.2.3\spring-boot-test-3.2.3.jar;C:\Users\lonovo\.m2\repository\org\springframework\boot\spring-boot-test-autoconfigure\3.2.3\spring-boot-test-autoconfigure-3.2.3.jar;C:\Users\lonovo\.m2\repository\jakarta\xml\bind\jakarta.xml.bind-api\4.0.1\jakarta.xml.bind-api-4.0.1.jar;C:\Users\lonovo\.m2\repository\jakarta\activation\jakarta.activation-api\2.1.2\jakarta.activation-api-2.1.2.jar;C:\Users\lonovo\.m2\repository\org\assertj\assertj-core\3.24.2\assertj-core-3.24.2.jar;C:\Users\lonovo\.m2\repository\net\bytebuddy\byte-buddy\1.14.12\byte-buddy-1.14.12.jar;C:\Users\lonovo\.m2\repository\org\awaitility\awaitility\4.2.0\awaitility-4.2.0.jar;C:\Users\lonovo\.m2\repository\org\hamcrest\hamcrest\2.2\hamcrest-2.2.jar;C:\Users\lonovo\.m2\repository\org\junit\jupiter\junit-jupiter\5.10.2\junit-jupiter-5.10.2.jar;C:\Users\lonovo\.m2\repository\org\junit\jupiter\junit-jupiter-api\5.10.2\junit-jupiter-api-5.10.2.jar;C:\Users\lonovo\.m2\repository\org\opentest4j\opentest4j\1.3.0\opentest4j-1.3.0.jar;C:\Users\lonovo\.m2\repository\org\junit\platform\junit-platform-commons\1.10.2\junit-platform-commons-1.10.2.jar;C:\Users\lonovo\.m2\repository\org\apiguardian\apiguardian-api\1.1.2\apiguardian-api-1.1.2.jar;C:\Users\lonovo\.m2\repository\org\junit\jupiter\junit-jupiter-params\5.10.2\junit-jupiter-params-5.10.2.jar;C:\Users\lonovo\.m2\repository\org\junit\jupiter\junit-jupiter-engine\5.10.2\junit-jupiter-engine-5.10.2.jar;C:\Users\lonovo\.m2\repository\org\junit\platform\junit-platform-engine\1.10.2\junit-platform-engine-1.10.2.jar;C:\Users\lonovo\.m2\repository\org\mockito\mockito-core\5.7.0\mockito-core-5.7.0.jar;C:\Users\lonovo\.m2\repository\net\bytebuddy\byte-buddy-agent\1.14.12\byte-buddy-agent-1.14.12.jar;C:\Users\lonovo\.m2\repository\org\objenesis\objenesis\3.3\objenesis-3.3.jar;C:\Users\lonovo\.m2\repository\org\mockito\mockito-junit-jupiter\5.7.0\mockito-junit-jupiter-5.7.0.jar;C:\Users\lonovo\.m2\repository\org\skyscreamer\jsonassert\1.5.1\jsonassert-1.5.1.jar;C:\Users\lonovo\.m2\repository\com\vaadin\external\google\android-json\0.0.20131108.vaadin1\android-json-0.0.20131108.vaadin1.jar;C:\Users\lonovo\.m2\repository\org\springframework\spring-test\6.1.4\spring-test-6.1.4.jar;C:\Users\lonovo\.m2\repository\org\xmlunit\xmlunit-core\2.9.1\xmlunit-core-2.9.1.jar;"/>
    <property name="sun.cpu.endian" value="little"/>
    <property name="user.home" value="C:\Users\lonovo"/>
    <property name="user.language" value="en"/>
    <property name="java.specification.vendor" value="Oracle Corporation"/>
    <property name="java.version.date" value="2024-01-16"/>
    <property name="java.home" value="C:\Users\lonovo\.jdks\corretto-17.0.10"/>
    <property name="file.separator" value="\"/>
    <property name="basedir" value="D:\java EE\spervision\hertzbeat-master\collector"/>
    <property name="java.vm.compressedOopsMode" value="Zero based"/>
    <property name="line.separator" value="&#10;"/>
    <property name="java.vm.specification.vendor" value="Oracle Corporation"/>
    <property name="java.specification.name" value="Java Platform API Specification"/>
    <property name="surefire.real.class.path" value="C:\Users\lonovo\AppData\Local\Temp\surefire13853640410093891519\surefirebooter6142982080014901789.jar"/>
    <property name="user.script" value=""/>
    <property name="sun.management.compiler" value="HotSpot 64-Bit Tiered Compilers"/>
    <property name="java.runtime.version" value="17.0.10+7-LTS"/>
    <property name="user.name" value="lonovo"/>
    <property name="path.separator" value=";"/>
    <property name="os.version" value="10.0"/>
    <property name="java.runtime.name" value="OpenJDK Runtime Environment"/>
    <property name="file.encoding" value="Cp1252"/>
    <property name="java.vm.name" value="OpenJDK 64-Bit Server VM"/>
    <property name="java.vendor.version" value="Corretto-17.0.10.7.1"/>
    <property name="localRepository" value="C:\Users\lonovo\.m2\repository"/>
    <property name="java.vendor.url.bug" value="https://github.com/corretto/corretto-17/issues/"/>
    <property name="java.io.tmpdir" value="C:\Users\lonovo\AppData\Local\Temp\"/>
    <property name="idea.version" value="2023.3.3"/>
    <property name="java.version" value="17.0.10"/>
    <property name="user.dir" value="D:\java EE\spervision\hertzbeat-master\collector"/>
    <property name="os.arch" value="amd64"/>
    <property name="java.vm.specification.name" value="Java Virtual Machine Specification"/>
    <property name="user.language.format" value="fr"/>
    <property name="sun.os.patch.level" value=""/>
    <property name="native.encoding" value="Cp1252"/>
    <property name="java.library.path" value="C:\Users\lonovo\.jdks\corretto-17.0.10\bin;C:\Windows\Sun\Java\bin;C:\Windows\system32;C:\Windows;C:\Python312\Scripts\;C:\Python312\;C:\Program Files (x86)\Common Files\Oracle\Java\javapath;C:\Program Files (x86)\VMware\VMware Workstation\bin\;C:\Windows\system32;C:\Windows;C:\Windows\System32\Wbem;C:\Windows\System32\WindowsPowerShell\v1.0\;C:\Windows\System32\OpenSSH\;C:\ProgramData\chocolatey\bin;C:\xampp\php;C:\Program Files\nodejs2\;C:\Program Files\Git\cmd;C:\composer;C:\Program Files\PuTTY\;C:\Users\lonovo\AppData\Local\pnpm;C:\Users\lonovo\AppData\Local\Programs\Python\Python311\Scripts\;C:\Users\lonovo\AppData\Local\Programs\Python\Python311\;C:\Users\lonovo\AppData\Local\Microsoft\WindowsApps;C:\Users\lonovo\AppData\Local\Programs\Microsoft VS Code\bin;C:\Program Files\JetBrains\IntelliJ IDEA Community Edition 2023.3.3\bin;;C:\xampp\php;C:\Users\lonovo\AppData\Roaming\npm;C:\Users\lonovo\AppData\Roaming\Composer\vendor\bin;C:\Python312;."/>
    <property name="java.vm.info" value="mixed mode, sharing"/>
    <property name="java.vendor" value="Amazon.com Inc."/>
    <property name="java.vm.version" value="17.0.10+7-LTS"/>
    <property name="sun.io.unicode.encoding" value="UnicodeLittle"/>
    <property name="java.class.version" value="61.0"/>
  </properties>
  <testcase name="testCollect" classname="org.apache.hertzbeat.collector.collect.dns.DnsCollectImplTest" time="0.146"/>
</testsuite>